# JRE version: Java(TM) SE Runtime Environment (8.0_60-b27) (build 1.8.0_60-b27)
# Java VM: Java HotSpot(TM) 64-Bit Server VM (25.60-b23 mixed mode linux-amd64 compressed oops)
Heap:
 PSYoungGen      total 244736K, used 5278K [0x00000000d6b00000, 0x00000000e6700000, 0x0000000100000000)
  eden space 232448K, 0% used [0x00000000d6b00000,0x00000000d6b00000,0x00000000e4e00000)
  from space 12288K, 42% used [0x00000000e4f00000,0x00000000e5427990,0x00000000e5b00000)
  to   space 5632K, 0% used [0x00000000e6180000,0x00000000e6180000,0x00000000e6700000)
 ParOldGen       total 138752K, used 106971K [0x0000000084000000, 0x000000008c780000, 0x00000000d6b00000)
  object space 138752K, 77% used [0x0000000084000000,0x000000008a876e08,0x000000008c780000)
 Metaspace       used 13553K, capacity 13658K, committed 13952K, reserved 1062912K
  class space    used 1278K, capacity 1305K, committed 1408K, reserved 1048576K
GC Heap History (10 events):
Event: 320.245 GC heap after
Heap after GC invocations=2473 (full 1405):
 PSYoungGen      total 132096K, used 23127K [0x00000000d6b00000, 0x00000000df100000, 0x0000000100000000)
  eden space 126976K, 18% used [0x00000000d6b00000,0x00000000d8195f50,0x00000000de700000)
  from space 5120K, 0% used [0x00000000dec00000,0x00000000dec00000,0x00000000df100000)
  to   space 5120K, 0% used [0x00000000de700000,0x00000000de700000,0x00000000dec00000)
 ParOldGen       total 138752K, used 88770K [0x0000000084000000, 0x000000008c780000, 0x00000000d6b00000)
  object space 138752K, 63% used [0x0000000084000000,0x00000000896b0b08,0x000000008c780000)
 Metaspace       used 13553K, capacity 13658K, committed 13952K, reserved 1062912K
  class space    used 1278K, capacity 1305K, committed 1408K, reserved 1048576K
}
Event: 321.516 GC heap before
{Heap before GC invocations=2474 (full 1405):
 PSYoungGen      total 132096K, used 126976K [0x00000000d6b00000, 0x00000000df100000, 0x0000000100000000)
  eden space 126976K, 100% used [0x00000000d6b00000,0x00000000de700000,0x00000000de700000)
  from space 5120K, 0% used [0x00000000dec00000,0x00000000dec00000,0x00000000df100000)
  to   space 5120K, 0% used [0x00000000de700000,0x00000000de700000,0x00000000dec00000)
 ParOldGen       total 138752K, used 88770K [0x0000000084000000, 0x000000008c780000, 0x00000000d6b00000)
  object space 138752K, 63% used [0x0000000084000000,0x00000000896b0b08,0x000000008c780000)
 Metaspace       used 13553K, capacity 13658K, committed 13952K, reserved 1062912K
  class space    used 1278K, capacity 1305K, committed 1408K, reserved 1048576K
Event: 321.579 GC heap after
Heap after GC invocations=2474 (full 1405):
 PSYoungGen      total 132096K, used 5103K [0x00000000d6b00000, 0x00000000e3700000, 0x0000000100000000)
  eden space 126976K, 0% used [0x00000000d6b00000,0x00000000d6b00000,0x00000000de700000)
  from space 5120K, 99% used [0x00000000de700000,0x00000000debfbc08,0x00000000dec00000)
  to   space 14336K, 0% used [0x00000000e2900000,0x00000000e2900000,0x00000000e3700000)
 ParOldGen       total 138752K, used 106971K [0x0000000084000000, 0x000000008c780000, 0x00000000d6b00000)
  object space 138752K, 77% used [0x0000000084000000,0x000000008a876e08,0x000000008c780000)
 Metaspace       used 13553K, capacity 13658K, committed 13952K, reserved 1062912K
  class space    used 1278K, capacity 1305K, committed 1408K, reserved 1048576K
}
Event: 322.890 GC heap before
{Heap before GC invocations=2475 (full 1405):
 PSYoungGen      total 132096K, used 132079K [0x00000000d6b00000, 0x00000000e3700000, 0x0000000100000000)
  eden space 126976K, 100% used [0x00000000d6b00000,0x00000000de700000,0x00000000de700000)
  from space 5120K, 99% used [0x00000000de700000,0x00000000debfbc08,0x00000000dec00000)
  to   space 14336K, 0% used [0x00000000e2900000,0x00000000e2900000,0x00000000e3700000)
 ParOldGen       total 138752K, used 106971K [0x0000000084000000, 0x000000008c780000, 0x00000000d6b00000)
  object space 138752K, 77% used [0x0000000084000000,0x000000008a876e08,0x000000008c780000)
 Metaspace       used 13553K, capacity 13658K, committed 13952K, reserved 1062912K
  class space    used 1278K, capacity 1305K, committed 1408K, reserved 1048576K
Event: 323.024 GC heap after
Heap after GC invocations=2475 (full 1405):
 PSYoungGen      total 186368K, used 5150K [0x00000000d6b00000, 0x00000000e3280000, 0x0000000100000000)
  eden space 176640K, 0% used [0x00000000d6b00000,0x00000000d6b00000,0x00000000e1780000)
  from space 9728K, 52% used [0x00000000e2900000,0x00000000e2e07990,0x00000000e3280000)
  to   space 13824K, 0% used [0x00000000e1780000,0x00000000e1780000,0x00000000e2500000)
 ParOldGen       total 138752K, used 106971K [0x0000000084000000, 0x000000008c780000, 0x00000000d6b00000)
  object space 138752K, 77% used [0x0000000084000000,0x000000008a876e08,0x000000008c780000)
 Metaspace       used 13553K, capacity 13658K, committed 13952K, reserved 1062912K
  class space    used 1278K, capacity 1305K, committed 1408K, reserved 1048576K
}
Event: 324.921 GC heap before
{Heap before GC invocations=2476 (full 1405):
 PSYoungGen      total 186368K, used 181790K [0x00000000d6b00000, 0x00000000e3280000, 0x0000000100000000)
  eden space 176640K, 100% used [0x00000000d6b00000,0x00000000e1780000,0x00000000e1780000)
  from space 9728K, 52% used [0x00000000e2900000,0x00000000e2e07990,0x00000000e3280000)
  to   space 13824K, 0% used [0x00000000e1780000,0x00000000e1780000,0x00000000e2500000)
 ParOldGen       total 138752K, used 106971K [0x0000000084000000, 0x000000008c780000, 0x00000000d6b00000)
  object space 138752K, 77% used [0x0000000084000000,0x000000008a876e08,0x000000008c780000)
 Metaspace       used 13553K, capacity 13658K, committed 13952K, reserved 1062912K
  class space    used 1278K, capacity 1305K, committed 1408K, reserved 1048576K
Event: 324.967 GC heap after
Heap after GC invocations=2476 (full 1405):
 PSYoungGen      total 190464K, used 5151K [0x00000000d6b00000, 0x00000000e6e80000, 0x0000000100000000)
  eden space 176640K, 0% used [0x00000000d6b00000,0x00000000d6b00000,0x00000000e1780000)
  from space 13824K, 37% used [0x00000000e1780000,0x00000000e1c87cd0,0x00000000e2500000)
  to   space 13312K, 0% used [0x00000000e6180000,0x00000000e6180000,0x00000000e6e80000)
 ParOldGen       total 138752K, used 106971K [0x0000000084000000, 0x000000008c780000, 0x00000000d6b00000)
  object space 138752K, 77% used [0x0000000084000000,0x000000008a876e08,0x000000008c780000)
 Metaspace       used 13553K, capacity 13658K, committed 13952K, reserved 1062912K
  class space    used 1278K, capacity 1305K, committed 1408K, reserved 1048576K
}
Event: 326.169 GC heap before
{Heap before GC invocations=2477 (full 1405):
 PSYoungGen      total 190464K, used 181791K [0x00000000d6b00000, 0x00000000e6e80000, 0x0000000100000000)
  eden space 176640K, 100% used [0x00000000d6b00000,0x00000000e1780000,0x00000000e1780000)
  from space 13824K, 37% used [0x00000000e1780000,0x00000000e1c87cd0,0x00000000e2500000)
  to   space 13312K, 0% used [0x00000000e6180000,0x00000000e6180000,0x00000000e6e80000)
 ParOldGen       total 138752K, used 106971K [0x0000000084000000, 0x000000008c780000, 0x00000000d6b00000)
  object space 138752K, 77% used [0x0000000084000000,0x000000008a876e08,0x000000008c780000)
 Metaspace       used 13553K, capacity 13658K, committed 13952K, reserved 1062912K
  class space    used 1278K, capacity 1305K, committed 1408K, reserved 1048576K
Event: 326.193 GC heap after
Heap after GC invocations=2477 (full 1405):
 PSYoungGen      total 238080K, used 5135K [0x00000000d6b00000, 0x00000000e6700000, 0x0000000100000000)
  eden space 232448K, 0% used [0x00000000d6b00000,0x00000000d6b00000,0x00000000e4e00000)
  from space 5632K, 91% used [0x00000000e6180000,0x00000000e6683c08,0x00000000e6700000)
  to   space 12288K, 0% used [0x00000000e4f00000,0x00000000e4f00000,0x00000000e5b00000)
 ParOldGen       total 138752K, used 106971K [0x0000000084000000, 0x000000008c780000, 0x00000000d6b00000)
  object space 138752K, 77% used [0x0000000084000000,0x000000008a876e08,0x000000008c780000)
 Metaspace       used 13553K, capacity 13658K, committed 13952K, reserved 1062912K
  class space    used 1278K, capacity 1305K, committed 1408K, reserved 1048576K
}
Event: 329.736 GC heap before
{Heap before GC invocations=2478 (full 1405):
 PSYoungGen      total 238080K, used 237583K [0x00000000d6b00000, 0x00000000e6700000, 0x0000000100000000)
  eden space 232448K, 100% used [0x00000000d6b00000,0x00000000e4e00000,0x00000000e4e00000)
  from space 5632K, 91% used [0x00000000e6180000,0x00000000e6683c08,0x00000000e6700000)
  to   space 12288K, 0% used [0x00000000e4f00000,0x00000000e4f00000,0x00000000e5b00000)
 ParOldGen       total 138752K, used 106971K [0x0000000084000000, 0x000000008c780000, 0x00000000d6b00000)
  object space 138752K, 77% used [0x0000000084000000,0x000000008a876e08,0x000000008c780000)
 Metaspace       used 13553K, capacity 13658K, committed 13952K, reserved 1062912K
  class space    used 1278K, capacity 1305K, committed 1408K, reserved 1048576K

